Maxima 5.43.0 http://maxima.sourceforge.net
using Lisp CLISP 2.49 (2010-07-07)
Distributed under the GNU Public License. See the file COPYING.
Dedicated to the memory of William Schelter.
The function bug_report() provides bug reporting information.
(%i1) 
                                     N = 1

                                  series = 1

                                float(1) = 1.0

                                 factor(1) = 1

                                     N = 2

                                           4
                                  series = -
                                           3

                               4
                         float(-) = 1.333333333333333
                               3

                                             2
                                       4    2
                                factor(-) = --
                                       3    3

                                     N = 3

                                           50
                                  series = --
                                           33

                               50
                         float(--) = 1.515151515151515
                               33

                                               2
                                      50    2 5
                               factor(--) = ----
                                      33    3 11

                                     N = 4

                                          1349
                                 series = ----
                                          825

                              1349
                        float(----) = 1.635151515151515
                              825

                                   1349     19 71
                            factor(----) = -------
                                   825        2
                                           3 5  11

                                     N = 5

                                         194713
                                series = ------
                                         113025

                             194713
                       float(------) = 1.722742756027428
                             113025

                                194713      194713
                         factor(------) = -----------
                                113025       2
                                          3 5  11 137

                                     N = 6

                                        9917687
                               series = -------
                                        5538225

                            9917687
                      float(-------) = 1.790769966911781
                            5538225

                              9917687      13 762899
                       factor(-------) = --------------
                              5538225       2  2
                                         3 5  7  11 137

                                     N = 7

                                       112451057
                              series = ---------
                                       60920475

                           112451057
                     float(---------) = 1.845866385644564
                           60920475

                             112451057       112451057
                      factor(---------) = ---------------
                             60920475        2  2   2
                                          3 5  7  11  137

                                     N = 8

                                      87707471002
                             series = -----------
                                      46360481475

                          87707471002
                    float(-----------) = 1.891858501281883
                          46360481475

                          87707471002     2 101 18427 23563
                   factor(-----------) = -------------------
                          46360481475       2  2   2
                                         3 5  7  11  137 761

                                     N = 9

                                    638247495586258
                           series = ---------------
                                    330503872435275

                        638247495586258
                  float(---------------) = 1.931134697101774
                        330503872435275

                     638247495586258     2 23 131 65617 1614149
              factor(---------------) = ------------------------
                     330503872435275       2  2   2
                                        3 5  7  11  137 761 7129

                                    N = 10

                                   39621419345255038
                          series = -----------------
                                   20160736218551775

                       39621419345255038
                 float(-----------------) = 1.965276412316514
                       20160736218551775

                   39621419345255038       2 223 88837263105953
            factor(-----------------) = ---------------------------
                   20160736218551775       2  2   2
                                        3 5  7  11  61 137 761 7129

                                    N = 11

                                 3367553690081394959018
                        series = ----------------------
                                 1687675389591187637025

                     3367553690081394959018
               float(----------------------) = 1.995379982934474
                     1687675389591187637025

             3367553690081394959018       2 241 2869213 2435032154473
      factor(----------------------) = ----------------------------------
             1687675389591187637025       2  2   2
                                       3 5  7  11  61 97 137 761 863 7129

                                    N = 12

                              293578866124447319211215128
                     series = ---------------------------
                              145175524688023551724527525

                  293578866124447319211215128
            float(---------------------------) = 2.022233890701182
                  145175524688023551724527525

       293578866124447319211215128
factor(---------------------------) = 
       145175524688023551724527525
                                          3
                                         2  73 157 37724670589 84876376979
                                     ------------------------------------------
                                        2  2   2   2
                                     3 5  7  11  13  61 97 137 509 761 863 7129

                                    N = 13

                           340463591070905769538621961175104
                  series = ---------------------------------
                           166370135063802174111446471957325

                340463591070905769538621961175104
          float(---------------------------------) = 2.04642252012562
                166370135063802174111446471957325

       340463591070905769538621961175104
factor(---------------------------------) = 
       166370135063802174111446471957325
                                  6
                                 2  179 601 227693 217176844845596842463
                           ----------------------------------------------------
                              2  2   2   2
                           3 5  7  11  13  29 43 61 97 137 509 761 863 919 7129

                                    N = 14

                        403214792232827898020426758621769680732
               series = ---------------------------------------
                        194941377468714112878127508925972294225

            403214792232827898020426758621769680732
      float(---------------------------------------) = 2.068389981996199
            194941377468714112878127508925972294225

       403214792232827898020426758621769680732
factor(---------------------------------------) = 
       194941377468714112878127508925972294225
                           2
                          2  2357639 63016452625793 678492741526289329
                 --------------------------------------------------------------
                    2  2   2   2
                 3 5  7  11  13  29 43 61 97 137 509 761 863 919 1049 1117 7129

                                    N = 15

                      16787247654077861265551571547714793328259156
             series = --------------------------------------------
                      8038017817167489016303831575544615607779425

          16787247654077861265551571547714793328259156
    float(--------------------------------------------) = 2.088481020560055
          8038017817167489016303831575544615607779425

       16787247654077861265551571547714793328259156
factor(--------------------------------------------) = 
       8038017817167489016303831575544615607779425
                      2
                     2  33305468561 126009694348928734063694078017349
           --------------------------------------------------------------------
              2  2   2   2
           3 5  7  11  13  29 43 61 97 137 509 761 863 919 1049 1117 7129 41233

                                    N = 16

                   41265191869346609110070477712048816327162225083329
          series = --------------------------------------------------
                   19585104654579799870076247559877413060675427998575

       41265191869346609110070477712048816327162225083329
 float(--------------------------------------------------) = 2.106968157542989
       19585104654579799870076247559877413060675427998575

       41265191869346609110070477712048816327162225083329
factor(--------------------------------------------------) = 
       19585104654579799870076247559877413060675427998575
              79 23538712176977 22190857212176003588013416904473663
  -----------------------------------------------------------------------------
     2  2   2   2   2
  3 5  7  11  13  17  29 43 61 97 137 509 761 863 919 1049 1117 7129 8431 41233

                                    N = 17

               1753122294522440418772782970599045853686401441104977274367
      series = ----------------------------------------------------------
               825359847831639897420124251671559793866096417336391332225

      1753122294522440418772782970599045853686401441104977274367
float(----------------------------------------------------------) = 
      825359847831639897420124251671559793866096417336391332225
                                                              2.124070245394405

       1753122294522440418772782970599045853686401441104977274367
factor(----------------------------------------------------------) = 
       825359847831639897420124251671559793866096417336391332225
(73 241 463 3191 13397 2028407594281 2481999728062982240890315779899)
     2  2   2   2   2
/(3 5  7  11  13  17  29 37 43 61 97 137 509 761 863 919 1049 1117 7129 8431
 41233 1138979)

                                    N = 18

           25211863968897979340587398121880863268484578613617063163147113467
  series = -----------------------------------------------------------------
           11781434901263025219383977025759597637142613956081268129970649725

      25211863968897979340587398121880863268484578613617063163147113467
float(-----------------------------------------------------------------) = 
      11781434901263025219383977025759597637142613956081268129970649725
                                                              2.139965477905849

       25211863968897979340587398121880863268484578613617063163147113467
factor(-----------------------------------------------------------------) = 
       11781434901263025219383977025759597637142613956081268129970649725
(251 1459 1951 35287319724919357521970793782338006438224666294031189413)
     2  2   2   2   2   2
/(3 5  7  11  13  17  19  29 37 43 61 97 137 509 761 863 919 1049 1117 7129
 8431 39541 41233 1138979)

                                    N = 19

series = 
       188887474547260288326769800221233943076354459335669569434494661826224409
       ------------------------------------------------------------------------
       87658906338099746943985466029841405768532107729403881588473131421432575

float(188887474547260288326769800221233943076354459335669569434494661826224409
/87658906338099746943985466029841405768532107729403881588473131421432575) = 
2.154800720633254

factor(188887474547260288326769800221233943076354459335669569434494661826224409
/87658906338099746943985466029841405768532107729403881588473131421432575) = 
(25755413 1080055491450787949 52055458895683850329823 130443454901782150525559)
     2  2   2   2   2   2
/(3 5  7  11  13  17  19  29 37 43 61 97 137 509 761 863 919 1049 1117 7129
 8431 39541 41233 1138979 7440427)

                                    N = 20

series = 212291575570656605952378488401504529381201688017217328953265497113919\
1768696471/9788893738680310028166531867628217839351537973811618396032823473576\
85943704525

float(212291575570656605952378488401504529381201688017217328953265497113919176\
8696471/9788893738680310028166531867628217839351537973811618396032823473576859\
43704525) = 2.168698335459474

factor(21229157557065660595237848840150452938120168801721732895326549711391917\
68696471/978889373868031002816653186762821783935153797381161839603282347357685\
943704525) = (67 157 4105573946304646935857
 49156893147504573955493439399792705874554458913491537)
     2  2   2   2   2   2
/(3 5  7  11  13  17  19  29 37 43 61 97 137 509 761 863 919 1049 1117 7129
 8431 39541 41233 1138979 7440427 11167027)

                                    N = 21

series = 402751987491939577797758815382526461501245507298334316016414780542809\
04250195221992163/184599476935401436567595950785921916310036788741652111728161\
97480435651483734948789825

float(402751987491939577797758815382526461501245507298334316016414780542809042\
50195221992163/184599476935401436567595950785921916310036788741652111728161974\
80435651483734948789825) = 2.181761260530972

